[debug] [2021-01-20T08:32:16.541Z] ----------------------------------------------------------------------
[debug] [2021-01-20T08:32:16.549Z] Command:       E:\Node JS\node.exe C:\Users\win 7\AppData\Roaming\npm\node_modules\firebase-tools\lib\bin\firebase.js init
[debug] [2021-01-20T08:32:16.550Z] CLI Version:   8.16.2
[debug] [2021-01-20T08:32:16.550Z] Platform:      win32
[debug] [2021-01-20T08:32:16.553Z] Node Version:  v12.16.1
[debug] [2021-01-20T08:32:16.575Z] Time:          Wed Jan 20 2021 15:32:16 GMT+0700 (GMT+07:00)
[debug] [2021-01-20T08:32:16.575Z] ----------------------------------------------------------------------
[debug] [2021-01-20T08:32:16.576Z] 
[debug] [2021-01-20T08:32:16.621Z] > command requires scopes: ["email","openid","https://www.googleapis.com/auth/cloudplatformprojects.readonly","https://www.googleapis.com/auth/firebase","https://www.googleapis.com/auth/cloud-platform"]
[debug] [2021-01-20T08:32:16.625Z] > authorizing via signed-in user
[info] 
     ######## #### ########  ######## ########     ###     ######  ########
     ##        ##  ##     ## ##       ##     ##  ##   ##  ##       ##
     ######    ##  ########  ######   ########  #########  ######  ######
     ##        ##  ##    ##  ##       ##     ## ##     ##       ## ##
     ##       #### ##     ## ######## ########  ##     ##  ######  ########

You're about to initialize a Firebase project in this directory:

  C:\Users\win 7\Music\skripsi\savjeecoin-frontend

Before we get started, keep in mind:

  * You are initializing in an existing Firebase project directory

